2025-07-18T19:42:31+00:00 CRITICAL Uncaught Error: Call to a member function get_queried_object() on null in C:\Users\Diego\Local Sites\doittrading\app\public\wp-includes\query.php:45
Stack trace:
#0 C:\Users\Diego\Local Sites\doittrading\app\public\wp-content\plugins\advanced-custom-fields-pro-main\includes\api\api-helpers.php(2178): get_queried_object()
#1 C:\Users\Diego\Local Sites\doittrading\app\public\wp-content\plugins\advanced-custom-fields-pro-main\includes\api\api-template.php(20): acf_get_valid_post_id(0)
#2 C:\Users\Diego\Local Sites\doittrading\app\public\wp-content\plugins\code-snippets\php\snippet-ops.php(584) : eval()'d code(85): get_field('minimum_deposit', NULL)
#3 C:\Users\Diego\Local Sites\doittrading\app\public\wp-content\plugins\code-snippets\php\snippet-ops.php(584): eval()
#4 C:\Users\Diego\Local Sites\doittrading\app\public\wp-content\plugins\code-snippets\php\snippet-ops.php(665): Code_Snippets\execute_snippet('// Mostrar stat...', 5)
#5 C:\Users\Diego\Local Sites\doittrading\app\public\wp-includes\class-wp-hook.php(324): Code_Snippets\execute_active_snippets('')
#6 C:\Users\Diego\Local Sites\doittrading\app\public\wp-includes\class-wp-hook.php(348): WP_Hook->apply_filters(NULL, Array)
#7 C:\Users\Diego\Local Sites\doittrading\app\public\wp-includes\plugin.php(517): WP_Hook->do_action(Array)
#8 C:\Users\Diego\Local Sites\doittrading\app\public\wp-settings.php(578): do_action('plugins_loaded')
#9 C:\Users\Diego\Local Sites\doittrading\app\public\wp-config.php(103): require_once('C:\\Users\\Diego\\...')
#10 C:\Users\Diego\Local Sites\doittrading\app\public\wp-load.php(50): require_once('C:\\Users\\Diego\\...')
#11 C:\Users\Diego\Local Sites\doittrading\app\public\wp-blog-header.php(13): require_once('C:\\Users\\Diego\\...')
#12 C:\Users\Diego\Local Sites\doittrading\app\public\index.php(17): require('C:\\Users\\Diego\\...')
#13 {main}
  thrown in C:\Users\Diego\Local Sites\doittrading\app\public\wp-includes\query.php on line 45

2025-07-18T19:42:32+00:00 CRITICAL Uncaught Error: Call to a member function get_queried_object() on null in C:\Users\Diego\Local Sites\doittrading\app\public\wp-includes\query.php:45
Stack trace:
#0 C:\Users\Diego\Local Sites\doittrading\app\public\wp-content\plugins\advanced-custom-fields-pro-main\includes\api\api-helpers.php(2178): get_queried_object()
#1 C:\Users\Diego\Local Sites\doittrading\app\public\wp-content\plugins\advanced-custom-fields-pro-main\includes\api\api-template.php(20): acf_get_valid_post_id(0)
#2 C:\Users\Diego\Local Sites\doittrading\app\public\wp-content\plugins\code-snippets\php\snippet-ops.php(584) : eval()'d code(85): get_field('minimum_deposit', NULL)
#3 C:\Users\Diego\Local Sites\doittrading\app\public\wp-content\plugins\code-snippets\php\snippet-ops.php(584): eval()
#4 C:\Users\Diego\Local Sites\doittrading\app\public\wp-content\plugins\code-snippets\php\snippet-ops.php(665): Code_Snippets\execute_snippet('// Mostrar stat...', 5)
#5 C:\Users\Diego\Local Sites\doittrading\app\public\wp-includes\class-wp-hook.php(324): Code_Snippets\execute_active_snippets('')
#6 C:\Users\Diego\Local Sites\doittrading\app\public\wp-includes\class-wp-hook.php(348): WP_Hook->apply_filters(NULL, Array)
#7 C:\Users\Diego\Local Sites\doittrading\app\public\wp-includes\plugin.php(517): WP_Hook->do_action(Array)
#8 C:\Users\Diego\Local Sites\doittrading\app\public\wp-settings.php(578): do_action('plugins_loaded')
#9 C:\Users\Diego\Local Sites\doittrading\app\public\wp-config.php(103): require_once('C:\\Users\\Diego\\...')
#10 C:\Users\Diego\Local Sites\doittrading\app\public\wp-load.php(50): require_once('C:\\Users\\Diego\\...')
#11 C:\Users\Diego\Local Sites\doittrading\app\public\wp-blog-header.php(13): require_once('C:\\Users\\Diego\\...')
#12 C:\Users\Diego\Local Sites\doittrading\app\public\index.php(17): require('C:\\Users\\Diego\\...')
#13 {main}
  thrown in C:\Users\Diego\Local Sites\doittrading\app\public\wp-includes\query.php on line 45

2025-07-18T19:42:33+00:00 CRITICAL Uncaught Error: Call to a member function get_queried_object() on null in C:\Users\Diego\Local Sites\doittrading\app\public\wp-includes\query.php:45
Stack trace:
#0 C:\Users\Diego\Local Sites\doittrading\app\public\wp-content\plugins\advanced-custom-fields-pro-main\includes\api\api-helpers.php(2178): get_queried_object()
#1 C:\Users\Diego\Local Sites\doittrading\app\public\wp-content\plugins\advanced-custom-fields-pro-main\includes\api\api-template.php(20): acf_get_valid_post_id(0)
#2 C:\Users\Diego\Local Sites\doittrading\app\public\wp-content\plugins\code-snippets\php\snippet-ops.php(584) : eval()'d code(85): get_field('minimum_deposit', NULL)
#3 C:\Users\Diego\Local Sites\doittrading\app\public\wp-content\plugins\code-snippets\php\snippet-ops.php(584): eval()
#4 C:\Users\Diego\Local Sites\doittrading\app\public\wp-content\plugins\code-snippets\php\snippet-ops.php(665): Code_Snippets\execute_snippet('// Mostrar stat...', 5)
#5 C:\Users\Diego\Local Sites\doittrading\app\public\wp-includes\class-wp-hook.php(324): Code_Snippets\execute_active_snippets('')
#6 C:\Users\Diego\Local Sites\doittrading\app\public\wp-includes\class-wp-hook.php(348): WP_Hook->apply_filters(NULL, Array)
#7 C:\Users\Diego\Local Sites\doittrading\app\public\wp-includes\plugin.php(517): WP_Hook->do_action(Array)
#8 C:\Users\Diego\Local Sites\doittrading\app\public\wp-settings.php(578): do_action('plugins_loaded')
#9 C:\Users\Diego\Local Sites\doittrading\app\public\wp-config.php(103): require_once('C:\\Users\\Diego\\...')
#10 C:\Users\Diego\Local Sites\doittrading\app\public\wp-load.php(50): require_once('C:\\Users\\Diego\\...')
#11 C:\Users\Diego\Local Sites\doittrading\app\public\wp-blog-header.php(13): require_once('C:\\Users\\Diego\\...')
#12 C:\Users\Diego\Local Sites\doittrading\app\public\index.php(17): require('C:\\Users\\Diego\\...')
#13 {main}
  thrown in C:\Users\Diego\Local Sites\doittrading\app\public\wp-includes\query.php on line 45

2025-07-18T19:42:33+00:00 CRITICAL Uncaught Error: Call to a member function get_queried_object() on null in C:\Users\Diego\Local Sites\doittrading\app\public\wp-includes\query.php:45
Stack trace:
#0 C:\Users\Diego\Local Sites\doittrading\app\public\wp-content\plugins\advanced-custom-fields-pro-main\includes\api\api-helpers.php(2178): get_queried_object()
#1 C:\Users\Diego\Local Sites\doittrading\app\public\wp-content\plugins\advanced-custom-fields-pro-main\includes\api\api-template.php(20): acf_get_valid_post_id(0)
#2 C:\Users\Diego\Local Sites\doittrading\app\public\wp-content\plugins\code-snippets\php\snippet-ops.php(584) : eval()'d code(85): get_field('minimum_deposit', NULL)
#3 C:\Users\Diego\Local Sites\doittrading\app\public\wp-content\plugins\code-snippets\php\snippet-ops.php(584): eval()
#4 C:\Users\Diego\Local Sites\doittrading\app\public\wp-content\plugins\code-snippets\php\snippet-ops.php(665): Code_Snippets\execute_snippet('// Mostrar stat...', 5)
#5 C:\Users\Diego\Local Sites\doittrading\app\public\wp-includes\class-wp-hook.php(324): Code_Snippets\execute_active_snippets('')
#6 C:\Users\Diego\Local Sites\doittrading\app\public\wp-includes\class-wp-hook.php(348): WP_Hook->apply_filters(NULL, Array)
#7 C:\Users\Diego\Local Sites\doittrading\app\public\wp-includes\plugin.php(517): WP_Hook->do_action(Array)
#8 C:\Users\Diego\Local Sites\doittrading\app\public\wp-settings.php(578): do_action('plugins_loaded')
#9 C:\Users\Diego\Local Sites\doittrading\app\public\wp-config.php(103): require_once('C:\\Users\\Diego\\...')
#10 C:\Users\Diego\Local Sites\doittrading\app\public\wp-load.php(50): require_once('C:\\Users\\Diego\\...')
#11 C:\Users\Diego\Local Sites\doittrading\app\public\wp-blog-header.php(13): require_once('C:\\Users\\Diego\\...')
#12 C:\Users\Diego\Local Sites\doittrading\app\public\index.php(17): require('C:\\Users\\Diego\\...')
#13 {main}
  thrown in C:\Users\Diego\Local Sites\doittrading\app\public\wp-includes\query.php on line 45

2025-07-18T19:42:35+00:00 CRITICAL Uncaught Error: Call to a member function get_queried_object() on null in C:\Users\Diego\Local Sites\doittrading\app\public\wp-includes\query.php:45
Stack trace:
#0 C:\Users\Diego\Local Sites\doittrading\app\public\wp-content\plugins\advanced-custom-fields-pro-main\includes\api\api-helpers.php(2178): get_queried_object()
#1 C:\Users\Diego\Local Sites\doittrading\app\public\wp-content\plugins\advanced-custom-fields-pro-main\includes\api\api-template.php(20): acf_get_valid_post_id(0)
#2 C:\Users\Diego\Local Sites\doittrading\app\public\wp-content\plugins\code-snippets\php\snippet-ops.php(584) : eval()'d code(85): get_field('minimum_deposit', NULL)
#3 C:\Users\Diego\Local Sites\doittrading\app\public\wp-content\plugins\code-snippets\php\snippet-ops.php(584): eval()
#4 C:\Users\Diego\Local Sites\doittrading\app\public\wp-content\plugins\code-snippets\php\snippet-ops.php(665): Code_Snippets\execute_snippet('// Mostrar stat...', 5)
#5 C:\Users\Diego\Local Sites\doittrading\app\public\wp-includes\class-wp-hook.php(324): Code_Snippets\execute_active_snippets('')
#6 C:\Users\Diego\Local Sites\doittrading\app\public\wp-includes\class-wp-hook.php(348): WP_Hook->apply_filters(NULL, Array)
#7 C:\Users\Diego\Local Sites\doittrading\app\public\wp-includes\plugin.php(517): WP_Hook->do_action(Array)
#8 C:\Users\Diego\Local Sites\doittrading\app\public\wp-settings.php(578): do_action('plugins_loaded')
#9 C:\Users\Diego\Local Sites\doittrading\app\public\wp-config.php(103): require_once('C:\\Users\\Diego\\...')
#10 C:\Users\Diego\Local Sites\doittrading\app\public\wp-load.php(50): require_once('C:\\Users\\Diego\\...')
#11 C:\Users\Diego\Local Sites\doittrading\app\public\wp-blog-header.php(13): require_once('C:\\Users\\Diego\\...')
#12 C:\Users\Diego\Local Sites\doittrading\app\public\index.php(17): require('C:\\Users\\Diego\\...')
#13 {main}
  thrown in C:\Users\Diego\Local Sites\doittrading\app\public\wp-includes\query.php on line 45

2025-07-18T19:42:35+00:00 CRITICAL Uncaught Error: Call to a member function get_queried_object() on null in C:\Users\Diego\Local Sites\doittrading\app\public\wp-includes\query.php:45
Stack trace:
#0 C:\Users\Diego\Local Sites\doittrading\app\public\wp-content\plugins\advanced-custom-fields-pro-main\includes\api\api-helpers.php(2178): get_queried_object()
#1 C:\Users\Diego\Local Sites\doittrading\app\public\wp-content\plugins\advanced-custom-fields-pro-main\includes\api\api-template.php(20): acf_get_valid_post_id(0)
#2 C:\Users\Diego\Local Sites\doittrading\app\public\wp-content\plugins\code-snippets\php\snippet-ops.php(584) : eval()'d code(85): get_field('minimum_deposit', NULL)
#3 C:\Users\Diego\Local Sites\doittrading\app\public\wp-content\plugins\code-snippets\php\snippet-ops.php(584): eval()
#4 C:\Users\Diego\Local Sites\doittrading\app\public\wp-content\plugins\code-snippets\php\snippet-ops.php(665): Code_Snippets\execute_snippet('// Mostrar stat...', 5)
#5 C:\Users\Diego\Local Sites\doittrading\app\public\wp-includes\class-wp-hook.php(324): Code_Snippets\execute_active_snippets('')
#6 C:\Users\Diego\Local Sites\doittrading\app\public\wp-includes\class-wp-hook.php(348): WP_Hook->apply_filters(NULL, Array)
#7 C:\Users\Diego\Local Sites\doittrading\app\public\wp-includes\plugin.php(517): WP_Hook->do_action(Array)
#8 C:\Users\Diego\Local Sites\doittrading\app\public\wp-settings.php(578): do_action('plugins_loaded')
#9 C:\Users\Diego\Local Sites\doittrading\app\public\wp-config.php(103): require_once('C:\\Users\\Diego\\...')
#10 C:\Users\Diego\Local Sites\doittrading\app\public\wp-load.php(50): require_once('C:\\Users\\Diego\\...')
#11 C:\Users\Diego\Local Sites\doittrading\app\public\wp-blog-header.php(13): require_once('C:\\Users\\Diego\\...')
#12 C:\Users\Diego\Local Sites\doittrading\app\public\index.php(17): require('C:\\Users\\Diego\\...')
#13 {main}
  thrown in C:\Users\Diego\Local Sites\doittrading\app\public\wp-includes\query.php on line 45

2025-07-18T19:42:42+00:00 CRITICAL Uncaught Error: Call to a member function get_queried_object() on null in C:\Users\Diego\Local Sites\doittrading\app\public\wp-includes\query.php:45
Stack trace:
#0 C:\Users\Diego\Local Sites\doittrading\app\public\wp-content\plugins\advanced-custom-fields-pro-main\includes\api\api-helpers.php(2178): get_queried_object()
#1 C:\Users\Diego\Local Sites\doittrading\app\public\wp-content\plugins\advanced-custom-fields-pro-main\includes\api\api-template.php(20): acf_get_valid_post_id(0)
#2 C:\Users\Diego\Local Sites\doittrading\app\public\wp-content\plugins\code-snippets\php\snippet-ops.php(584) : eval()'d code(85): get_field('minimum_deposit', NULL)
#3 C:\Users\Diego\Local Sites\doittrading\app\public\wp-content\plugins\code-snippets\php\snippet-ops.php(584): eval()
#4 C:\Users\Diego\Local Sites\doittrading\app\public\wp-content\plugins\code-snippets\php\snippet-ops.php(665): Code_Snippets\execute_snippet('// Mostrar stat...', 5)
#5 C:\Users\Diego\Local Sites\doittrading\app\public\wp-includes\class-wp-hook.php(324): Code_Snippets\execute_active_snippets('')
#6 C:\Users\Diego\Local Sites\doittrading\app\public\wp-includes\class-wp-hook.php(348): WP_Hook->apply_filters(NULL, Array)
#7 C:\Users\Diego\Local Sites\doittrading\app\public\wp-includes\plugin.php(517): WP_Hook->do_action(Array)
#8 C:\Users\Diego\Local Sites\doittrading\app\public\wp-settings.php(578): do_action('plugins_loaded')
#9 C:\Users\Diego\Local Sites\doittrading\app\public\wp-config.php(103): require_once('C:\\Users\\Diego\\...')
#10 C:\Users\Diego\Local Sites\doittrading\app\public\wp-load.php(50): require_once('C:\\Users\\Diego\\...')
#11 C:\Users\Diego\Local Sites\doittrading\app\public\wp-admin\admin-ajax.php(22): require_once('C:\\Users\\Diego\\...')
#12 {main}
  thrown in C:\Users\Diego\Local Sites\doittrading\app\public\wp-includes\query.php on line 45

2025-07-18T19:43:21+00:00 CRITICAL Uncaught Error: Call to a member function get_queried_object() on null in C:\Users\Diego\Local Sites\doittrading\app\public\wp-includes\query.php:45
Stack trace:
#0 C:\Users\Diego\Local Sites\doittrading\app\public\wp-content\plugins\advanced-custom-fields-pro-main\includes\api\api-helpers.php(2178): get_queried_object()
#1 C:\Users\Diego\Local Sites\doittrading\app\public\wp-content\plugins\advanced-custom-fields-pro-main\includes\api\api-template.php(20): acf_get_valid_post_id(0)
#2 C:\Users\Diego\Local Sites\doittrading\app\public\wp-content\plugins\code-snippets\php\snippet-ops.php(584) : eval()'d code(85): get_field('minimum_deposit', NULL)
#3 C:\Users\Diego\Local Sites\doittrading\app\public\wp-content\plugins\code-snippets\php\snippet-ops.php(584): eval()
#4 C:\Users\Diego\Local Sites\doittrading\app\public\wp-content\plugins\code-snippets\php\snippet-ops.php(665): Code_Snippets\execute_snippet('// Mostrar stat...', 5)
#5 C:\Users\Diego\Local Sites\doittrading\app\public\wp-includes\class-wp-hook.php(324): Code_Snippets\execute_active_snippets('')
#6 C:\Users\Diego\Local Sites\doittrading\app\public\wp-includes\class-wp-hook.php(348): WP_Hook->apply_filters(NULL, Array)
#7 C:\Users\Diego\Local Sites\doittrading\app\public\wp-includes\plugin.php(517): WP_Hook->do_action(Array)
#8 C:\Users\Diego\Local Sites\doittrading\app\public\wp-settings.php(578): do_action('plugins_loaded')
#9 C:\Users\Diego\Local Sites\doittrading\app\public\wp-config.php(103): require_once('C:\\Users\\Diego\\...')
#10 C:\Users\Diego\Local Sites\doittrading\app\public\wp-load.php(50): require_once('C:\\Users\\Diego\\...')
#11 C:\Users\Diego\Local Sites\doittrading\app\public\wp-admin\admin-ajax.php(22): require_once('C:\\Users\\Diego\\...')
#12 {main}
  thrown in C:\Users\Diego\Local Sites\doittrading\app\public\wp-includes\query.php on line 45

2025-07-18T19:43:23+00:00 CRITICAL Uncaught Error: Call to a member function get_queried_object() on null in C:\Users\Diego\Local Sites\doittrading\app\public\wp-includes\query.php:45
Stack trace:
#0 C:\Users\Diego\Local Sites\doittrading\app\public\wp-content\plugins\advanced-custom-fields-pro-main\includes\api\api-helpers.php(2178): get_queried_object()
#1 C:\Users\Diego\Local Sites\doittrading\app\public\wp-content\plugins\advanced-custom-fields-pro-main\includes\api\api-template.php(20): acf_get_valid_post_id(0)
#2 C:\Users\Diego\Local Sites\doittrading\app\public\wp-content\plugins\code-snippets\php\snippet-ops.php(584) : eval()'d code(85): get_field('minimum_deposit', NULL)
#3 C:\Users\Diego\Local Sites\doittrading\app\public\wp-content\plugins\code-snippets\php\snippet-ops.php(584): eval()
#4 C:\Users\Diego\Local Sites\doittrading\app\public\wp-content\plugins\code-snippets\php\snippet-ops.php(665): Code_Snippets\execute_snippet('// Mostrar stat...', 5)
#5 C:\Users\Diego\Local Sites\doittrading\app\public\wp-includes\class-wp-hook.php(324): Code_Snippets\execute_active_snippets('')
#6 C:\Users\Diego\Local Sites\doittrading\app\public\wp-includes\class-wp-hook.php(348): WP_Hook->apply_filters(NULL, Array)
#7 C:\Users\Diego\Local Sites\doittrading\app\public\wp-includes\plugin.php(517): WP_Hook->do_action(Array)
#8 C:\Users\Diego\Local Sites\doittrading\app\public\wp-settings.php(578): do_action('plugins_loaded')
#9 C:\Users\Diego\Local Sites\doittrading\app\public\wp-config.php(103): require_once('C:\\Users\\Diego\\...')
#10 C:\Users\Diego\Local Sites\doittrading\app\public\wp-load.php(50): require_once('C:\\Users\\Diego\\...')
#11 C:\Users\Diego\Local Sites\doittrading\app\public\wp-admin\admin-ajax.php(22): require_once('C:\\Users\\Diego\\...')
#12 {main}
  thrown in C:\Users\Diego\Local Sites\doittrading\app\public\wp-includes\query.php on line 45

2025-07-18T19:43:32+00:00 CRITICAL Uncaught Error: Call to a member function get_queried_object() on null in C:\Users\Diego\Local Sites\doittrading\app\public\wp-includes\query.php:45
Stack trace:
#0 C:\Users\Diego\Local Sites\doittrading\app\public\wp-content\plugins\advanced-custom-fields-pro-main\includes\api\api-helpers.php(2178): get_queried_object()
#1 C:\Users\Diego\Local Sites\doittrading\app\public\wp-content\plugins\advanced-custom-fields-pro-main\includes\api\api-template.php(20): acf_get_valid_post_id(0)
#2 C:\Users\Diego\Local Sites\doittrading\app\public\wp-content\plugins\code-snippets\php\snippet-ops.php(584) : eval()'d code(85): get_field('minimum_deposit', NULL)
#3 C:\Users\Diego\Local Sites\doittrading\app\public\wp-content\plugins\code-snippets\php\snippet-ops.php(584): eval()
#4 C:\Users\Diego\Local Sites\doittrading\app\public\wp-content\plugins\code-snippets\php\snippet-ops.php(665): Code_Snippets\execute_snippet('// Mostrar stat...', 5)
#5 C:\Users\Diego\Local Sites\doittrading\app\public\wp-includes\class-wp-hook.php(324): Code_Snippets\execute_active_snippets('')
#6 C:\Users\Diego\Local Sites\doittrading\app\public\wp-includes\class-wp-hook.php(348): WP_Hook->apply_filters(NULL, Array)
#7 C:\Users\Diego\Local Sites\doittrading\app\public\wp-includes\plugin.php(517): WP_Hook->do_action(Array)
#8 C:\Users\Diego\Local Sites\doittrading\app\public\wp-settings.php(578): do_action('plugins_loaded')
#9 C:\Users\Diego\Local Sites\doittrading\app\public\wp-config.php(103): require_once('C:\\Users\\Diego\\...')
#10 C:\Users\Diego\Local Sites\doittrading\app\public\wp-load.php(50): require_once('C:\\Users\\Diego\\...')
#11 C:\Users\Diego\Local Sites\doittrading\app\public\wp-cron.php(46): require_once('C:\\Users\\Diego\\...')
#12 {main}
  thrown in C:\Users\Diego\Local Sites\doittrading\app\public\wp-includes\query.php on line 45

2025-07-18T20:15:33+00:00 CRITICAL Uncaught TypeError: call_user_func_array(): Argument #1 ($callback) must be a valid callback, function "doittrading_show_ea_stats_acf" not found or invalid function name in C:\Users\Diego\Local Sites\doittrading\app\public\wp-includes\class-wp-hook.php:324
Stack trace:
#0 C:\Users\Diego\Local Sites\doittrading\app\public\wp-includes\class-wp-hook.php(348): WP_Hook->apply_filters(NULL, Array)
#1 C:\Users\Diego\Local Sites\doittrading\app\public\wp-includes\plugin.php(517): WP_Hook->do_action(Array)
#2 C:\Users\Diego\Local Sites\doittrading\app\public\wp-content\plugins\woocommerce\templates\content-single-product.php(60): do_action('woocommerce_sin...')
#3 C:\Users\Diego\Local Sites\doittrading\app\public\wp-includes\template.php(812): require('C:\\Users\\Diego\\...')
#4 C:\Users\Diego\Local Sites\doittrading\app\public\wp-content\plugins\woocommerce\includes\wc-core-functions.php(284): load_template('C:\\Users\\Diego\\...', false)
#5 C:\Users\Diego\Local Sites\doittrading\app\public\wp-content\plugins\woocommerce\templates\single-product.php(37): wc_get_template_part('content', 'single-product')
#6 C:\Users\Diego\Local Sites\doittrading\app\public\wp-includes\template-loader.php(106): include('C:\\Users\\Diego\\...')
#7 C:\Users\Diego\Local Sites\doittrading\app\public\wp-blog-header.php(19): require_once('C:\\Users\\Diego\\...')
#8 C:\Users\Diego\Local Sites\doittrading\app\public\index.php(17): require('C:\\Users\\Diego\\...')
#9 {main}
  thrown in C:\Users\Diego\Local Sites\doittrading\app\public\wp-includes\class-wp-hook.php on line 324

2025-07-18T20:16:15+00:00 CRITICAL Uncaught TypeError: call_user_func_array(): Argument #1 ($callback) must be a valid callback, function "doittrading_show_ea_stats_acf" not found or invalid function name in C:\Users\Diego\Local Sites\doittrading\app\public\wp-includes\class-wp-hook.php:324
Stack trace:
#0 C:\Users\Diego\Local Sites\doittrading\app\public\wp-includes\class-wp-hook.php(348): WP_Hook->apply_filters(NULL, Array)
#1 C:\Users\Diego\Local Sites\doittrading\app\public\wp-includes\plugin.php(517): WP_Hook->do_action(Array)
#2 C:\Users\Diego\Local Sites\doittrading\app\public\wp-content\plugins\woocommerce\templates\content-single-product.php(60): do_action('woocommerce_sin...')
#3 C:\Users\Diego\Local Sites\doittrading\app\public\wp-includes\template.php(812): require('C:\\Users\\Diego\\...')
#4 C:\Users\Diego\Local Sites\doittrading\app\public\wp-content\plugins\woocommerce\includes\wc-core-functions.php(284): load_template('C:\\Users\\Diego\\...', false)
#5 C:\Users\Diego\Local Sites\doittrading\app\public\wp-content\plugins\woocommerce\templates\single-product.php(37): wc_get_template_part('content', 'single-product')
#6 C:\Users\Diego\Local Sites\doittrading\app\public\wp-includes\template-loader.php(106): include('C:\\Users\\Diego\\...')
#7 C:\Users\Diego\Local Sites\doittrading\app\public\wp-blog-header.php(19): require_once('C:\\Users\\Diego\\...')
#8 C:\Users\Diego\Local Sites\doittrading\app\public\index.php(17): require('C:\\Users\\Diego\\...')
#9 {main}
  thrown in C:\Users\Diego\Local Sites\doittrading\app\public\wp-includes\class-wp-hook.php on line 324

2025-07-18T20:18:51+00:00 CRITICAL Uncaught TypeError: call_user_func_array(): Argument #1 ($callback) must be a valid callback, function "doittrading_show_ea_stats_acf" not found or invalid function name in C:\Users\Diego\Local Sites\doittrading\app\public\wp-includes\class-wp-hook.php:324
Stack trace:
#0 C:\Users\Diego\Local Sites\doittrading\app\public\wp-includes\class-wp-hook.php(348): WP_Hook->apply_filters(NULL, Array)
#1 C:\Users\Diego\Local Sites\doittrading\app\public\wp-includes\plugin.php(517): WP_Hook->do_action(Array)
#2 C:\Users\Diego\Local Sites\doittrading\app\public\wp-content\plugins\woocommerce\templates\content-single-product.php(60): do_action('woocommerce_sin...')
#3 C:\Users\Diego\Local Sites\doittrading\app\public\wp-includes\template.php(812): require('C:\\Users\\Diego\\...')
#4 C:\Users\Diego\Local Sites\doittrading\app\public\wp-content\plugins\woocommerce\includes\wc-core-functions.php(284): load_template('C:\\Users\\Diego\\...', false)
#5 C:\Users\Diego\Local Sites\doittrading\app\public\wp-content\plugins\woocommerce\templates\single-product.php(37): wc_get_template_part('content', 'single-product')
#6 C:\Users\Diego\Local Sites\doittrading\app\public\wp-includes\template-loader.php(106): include('C:\\Users\\Diego\\...')
#7 C:\Users\Diego\Local Sites\doittrading\app\public\wp-blog-header.php(19): require_once('C:\\Users\\Diego\\...')
#8 C:\Users\Diego\Local Sites\doittrading\app\public\index.php(17): require('C:\\Users\\Diego\\...')
#9 {main}
  thrown in C:\Users\Diego\Local Sites\doittrading\app\public\wp-includes\class-wp-hook.php on line 324

2025-07-18T20:18:54+00:00 CRITICAL Uncaught TypeError: call_user_func_array(): Argument #1 ($callback) must be a valid callback, function "doittrading_show_ea_stats_acf" not found or invalid function name in C:\Users\Diego\Local Sites\doittrading\app\public\wp-includes\class-wp-hook.php:324
Stack trace:
#0 C:\Users\Diego\Local Sites\doittrading\app\public\wp-includes\class-wp-hook.php(348): WP_Hook->apply_filters(NULL, Array)
#1 C:\Users\Diego\Local Sites\doittrading\app\public\wp-includes\plugin.php(517): WP_Hook->do_action(Array)
#2 C:\Users\Diego\Local Sites\doittrading\app\public\wp-content\plugins\woocommerce\templates\content-single-product.php(60): do_action('woocommerce_sin...')
#3 C:\Users\Diego\Local Sites\doittrading\app\public\wp-includes\template.php(812): require('C:\\Users\\Diego\\...')
#4 C:\Users\Diego\Local Sites\doittrading\app\public\wp-content\plugins\woocommerce\includes\wc-core-functions.php(284): load_template('C:\\Users\\Diego\\...', false)
#5 C:\Users\Diego\Local Sites\doittrading\app\public\wp-content\plugins\woocommerce\templates\single-product.php(37): wc_get_template_part('content', 'single-product')
#6 C:\Users\Diego\Local Sites\doittrading\app\public\wp-includes\template-loader.php(106): include('C:\\Users\\Diego\\...')
#7 C:\Users\Diego\Local Sites\doittrading\app\public\wp-blog-header.php(19): require_once('C:\\Users\\Diego\\...')
#8 C:\Users\Diego\Local Sites\doittrading\app\public\index.php(17): require('C:\\Users\\Diego\\...')
#9 {main}
  thrown in C:\Users\Diego\Local Sites\doittrading\app\public\wp-includes\class-wp-hook.php on line 324

2025-07-18T20:21:29+00:00 CRITICAL Uncaught TypeError: call_user_func_array(): Argument #1 ($callback) must be a valid callback, function "doittrading_show_ea_stats_acf" not found or invalid function name in C:\Users\Diego\Local Sites\doittrading\app\public\wp-includes\class-wp-hook.php:324
Stack trace:
#0 C:\Users\Diego\Local Sites\doittrading\app\public\wp-includes\class-wp-hook.php(348): WP_Hook->apply_filters(NULL, Array)
#1 C:\Users\Diego\Local Sites\doittrading\app\public\wp-includes\plugin.php(517): WP_Hook->do_action(Array)
#2 C:\Users\Diego\Local Sites\doittrading\app\public\wp-content\plugins\woocommerce\templates\content-single-product.php(60): do_action('woocommerce_sin...')
#3 C:\Users\Diego\Local Sites\doittrading\app\public\wp-includes\template.php(812): require('C:\\Users\\Diego\\...')
#4 C:\Users\Diego\Local Sites\doittrading\app\public\wp-content\plugins\woocommerce\includes\wc-core-functions.php(284): load_template('C:\\Users\\Diego\\...', false)
#5 C:\Users\Diego\Local Sites\doittrading\app\public\wp-content\plugins\woocommerce\templates\single-product.php(37): wc_get_template_part('content', 'single-product')
#6 C:\Users\Diego\Local Sites\doittrading\app\public\wp-includes\template-loader.php(106): include('C:\\Users\\Diego\\...')
#7 C:\Users\Diego\Local Sites\doittrading\app\public\wp-blog-header.php(19): require_once('C:\\Users\\Diego\\...')
#8 C:\Users\Diego\Local Sites\doittrading\app\public\index.php(17): require('C:\\Users\\Diego\\...')
#9 {main}
  thrown in C:\Users\Diego\Local Sites\doittrading\app\public\wp-includes\class-wp-hook.php on line 324

2025-07-18T20:24:01+00:00 CRITICAL Uncaught TypeError: call_user_func_array(): Argument #1 ($callback) must be a valid callback, function "doittrading_show_ea_stats_acf" not found or invalid function name in C:\Users\Diego\Local Sites\doittrading\app\public\wp-includes\class-wp-hook.php:324
Stack trace:
#0 C:\Users\Diego\Local Sites\doittrading\app\public\wp-includes\class-wp-hook.php(348): WP_Hook->apply_filters(NULL, Array)
#1 C:\Users\Diego\Local Sites\doittrading\app\public\wp-includes\plugin.php(517): WP_Hook->do_action(Array)
#2 C:\Users\Diego\Local Sites\doittrading\app\public\wp-content\plugins\woocommerce\templates\content-single-product.php(60): do_action('woocommerce_sin...')
#3 C:\Users\Diego\Local Sites\doittrading\app\public\wp-includes\template.php(812): require('C:\\Users\\Diego\\...')
#4 C:\Users\Diego\Local Sites\doittrading\app\public\wp-content\plugins\woocommerce\includes\wc-core-functions.php(284): load_template('C:\\Users\\Diego\\...', false)
#5 C:\Users\Diego\Local Sites\doittrading\app\public\wp-content\plugins\woocommerce\templates\single-product.php(37): wc_get_template_part('content', 'single-product')
#6 C:\Users\Diego\Local Sites\doittrading\app\public\wp-includes\template-loader.php(106): include('C:\\Users\\Diego\\...')
#7 C:\Users\Diego\Local Sites\doittrading\app\public\wp-blog-header.php(19): require_once('C:\\Users\\Diego\\...')
#8 C:\Users\Diego\Local Sites\doittrading\app\public\index.php(17): require('C:\\Users\\Diego\\...')
#9 {main}
  thrown in C:\Users\Diego\Local Sites\doittrading\app\public\wp-includes\class-wp-hook.php on line 324

2025-07-18T20:24:21+00:00 CRITICAL Uncaught TypeError: call_user_func_array(): Argument #1 ($callback) must be a valid callback, function "doittrading_show_ea_stats_acf" not found or invalid function name in C:\Users\Diego\Local Sites\doittrading\app\public\wp-includes\class-wp-hook.php:324
Stack trace:
#0 C:\Users\Diego\Local Sites\doittrading\app\public\wp-includes\class-wp-hook.php(348): WP_Hook->apply_filters(NULL, Array)
#1 C:\Users\Diego\Local Sites\doittrading\app\public\wp-includes\plugin.php(517): WP_Hook->do_action(Array)
#2 C:\Users\Diego\Local Sites\doittrading\app\public\wp-content\plugins\woocommerce\templates\content-single-product.php(60): do_action('woocommerce_sin...')
#3 C:\Users\Diego\Local Sites\doittrading\app\public\wp-includes\template.php(812): require('C:\\Users\\Diego\\...')
#4 C:\Users\Diego\Local Sites\doittrading\app\public\wp-content\plugins\woocommerce\includes\wc-core-functions.php(284): load_template('C:\\Users\\Diego\\...', false)
#5 C:\Users\Diego\Local Sites\doittrading\app\public\wp-content\plugins\woocommerce\templates\single-product.php(37): wc_get_template_part('content', 'single-product')
#6 C:\Users\Diego\Local Sites\doittrading\app\public\wp-includes\template-loader.php(106): include('C:\\Users\\Diego\\...')
#7 C:\Users\Diego\Local Sites\doittrading\app\public\wp-blog-header.php(19): require_once('C:\\Users\\Diego\\...')
#8 C:\Users\Diego\Local Sites\doittrading\app\public\index.php(17): require('C:\\Users\\Diego\\...')
#9 {main}
  thrown in C:\Users\Diego\Local Sites\doittrading\app\public\wp-includes\class-wp-hook.php on line 324

2025-07-18T20:24:28+00:00 CRITICAL Uncaught TypeError: call_user_func_array(): Argument #1 ($callback) must be a valid callback, function "doittrading_show_ea_stats_acf" not found or invalid function name in C:\Users\Diego\Local Sites\doittrading\app\public\wp-includes\class-wp-hook.php:324
Stack trace:
#0 C:\Users\Diego\Local Sites\doittrading\app\public\wp-includes\class-wp-hook.php(348): WP_Hook->apply_filters(NULL, Array)
#1 C:\Users\Diego\Local Sites\doittrading\app\public\wp-includes\plugin.php(517): WP_Hook->do_action(Array)
#2 C:\Users\Diego\Local Sites\doittrading\app\public\wp-content\plugins\woocommerce\templates\content-single-product.php(60): do_action('woocommerce_sin...')
#3 C:\Users\Diego\Local Sites\doittrading\app\public\wp-includes\template.php(812): require('C:\\Users\\Diego\\...')
#4 C:\Users\Diego\Local Sites\doittrading\app\public\wp-content\plugins\woocommerce\includes\wc-core-functions.php(284): load_template('C:\\Users\\Diego\\...', false)
#5 C:\Users\Diego\Local Sites\doittrading\app\public\wp-content\plugins\woocommerce\templates\single-product.php(37): wc_get_template_part('content', 'single-product')
#6 C:\Users\Diego\Local Sites\doittrading\app\public\wp-includes\template-loader.php(106): include('C:\\Users\\Diego\\...')
#7 C:\Users\Diego\Local Sites\doittrading\app\public\wp-blog-header.php(19): require_once('C:\\Users\\Diego\\...')
#8 C:\Users\Diego\Local Sites\doittrading\app\public\index.php(17): require('C:\\Users\\Diego\\...')
#9 {main}
  thrown in C:\Users\Diego\Local Sites\doittrading\app\public\wp-includes\class-wp-hook.php on line 324

2025-07-18T20:24:28+00:00 CRITICAL Uncaught TypeError: call_user_func_array(): Argument #1 ($callback) must be a valid callback, function "doittrading_show_ea_stats_acf" not found or invalid function name in C:\Users\Diego\Local Sites\doittrading\app\public\wp-includes\class-wp-hook.php:324
Stack trace:
#0 C:\Users\Diego\Local Sites\doittrading\app\public\wp-includes\class-wp-hook.php(348): WP_Hook->apply_filters(NULL, Array)
#1 C:\Users\Diego\Local Sites\doittrading\app\public\wp-includes\plugin.php(517): WP_Hook->do_action(Array)
#2 C:\Users\Diego\Local Sites\doittrading\app\public\wp-content\plugins\woocommerce\templates\content-single-product.php(60): do_action('woocommerce_sin...')
#3 C:\Users\Diego\Local Sites\doittrading\app\public\wp-includes\template.php(812): require('C:\\Users\\Diego\\...')
#4 C:\Users\Diego\Local Sites\doittrading\app\public\wp-content\plugins\woocommerce\includes\wc-core-functions.php(284): load_template('C:\\Users\\Diego\\...', false)
#5 C:\Users\Diego\Local Sites\doittrading\app\public\wp-content\plugins\woocommerce\templates\single-product.php(37): wc_get_template_part('content', 'single-product')
#6 C:\Users\Diego\Local Sites\doittrading\app\public\wp-includes\template-loader.php(106): include('C:\\Users\\Diego\\...')
#7 C:\Users\Diego\Local Sites\doittrading\app\public\wp-blog-header.php(19): require_once('C:\\Users\\Diego\\...')
#8 C:\Users\Diego\Local Sites\doittrading\app\public\index.php(17): require('C:\\Users\\Diego\\...')
#9 {main}
  thrown in C:\Users\Diego\Local Sites\doittrading\app\public\wp-includes\class-wp-hook.php on line 324

2025-07-18T20:24:29+00:00 CRITICAL Uncaught TypeError: call_user_func_array(): Argument #1 ($callback) must be a valid callback, function "doittrading_show_ea_stats_acf" not found or invalid function name in C:\Users\Diego\Local Sites\doittrading\app\public\wp-includes\class-wp-hook.php:324
Stack trace:
#0 C:\Users\Diego\Local Sites\doittrading\app\public\wp-includes\class-wp-hook.php(348): WP_Hook->apply_filters(NULL, Array)
#1 C:\Users\Diego\Local Sites\doittrading\app\public\wp-includes\plugin.php(517): WP_Hook->do_action(Array)
#2 C:\Users\Diego\Local Sites\doittrading\app\public\wp-content\plugins\woocommerce\templates\content-single-product.php(60): do_action('woocommerce_sin...')
#3 C:\Users\Diego\Local Sites\doittrading\app\public\wp-includes\template.php(812): require('C:\\Users\\Diego\\...')
#4 C:\Users\Diego\Local Sites\doittrading\app\public\wp-content\plugins\woocommerce\includes\wc-core-functions.php(284): load_template('C:\\Users\\Diego\\...', false)
#5 C:\Users\Diego\Local Sites\doittrading\app\public\wp-content\plugins\woocommerce\templates\single-product.php(37): wc_get_template_part('content', 'single-product')
#6 C:\Users\Diego\Local Sites\doittrading\app\public\wp-includes\template-loader.php(106): include('C:\\Users\\Diego\\...')
#7 C:\Users\Diego\Local Sites\doittrading\app\public\wp-blog-header.php(19): require_once('C:\\Users\\Diego\\...')
#8 C:\Users\Diego\Local Sites\doittrading\app\public\index.php(17): require('C:\\Users\\Diego\\...')
#9 {main}
  thrown in C:\Users\Diego\Local Sites\doittrading\app\public\wp-includes\class-wp-hook.php on line 324

2025-07-18T20:24:51+00:00 CRITICAL Uncaught TypeError: call_user_func_array(): Argument #1 ($callback) must be a valid callback, function "doittrading_show_ea_stats_acf" not found or invalid function name in C:\Users\Diego\Local Sites\doittrading\app\public\wp-includes\class-wp-hook.php:324
Stack trace:
#0 C:\Users\Diego\Local Sites\doittrading\app\public\wp-includes\class-wp-hook.php(348): WP_Hook->apply_filters(NULL, Array)
#1 C:\Users\Diego\Local Sites\doittrading\app\public\wp-includes\plugin.php(517): WP_Hook->do_action(Array)
#2 C:\Users\Diego\Local Sites\doittrading\app\public\wp-content\plugins\woocommerce\templates\content-single-product.php(60): do_action('woocommerce_sin...')
#3 C:\Users\Diego\Local Sites\doittrading\app\public\wp-includes\template.php(812): require('C:\\Users\\Diego\\...')
#4 C:\Users\Diego\Local Sites\doittrading\app\public\wp-content\plugins\woocommerce\includes\wc-core-functions.php(284): load_template('C:\\Users\\Diego\\...', false)
#5 C:\Users\Diego\Local Sites\doittrading\app\public\wp-content\plugins\woocommerce\templates\single-product.php(37): wc_get_template_part('content', 'single-product')
#6 C:\Users\Diego\Local Sites\doittrading\app\public\wp-includes\template-loader.php(106): include('C:\\Users\\Diego\\...')
#7 C:\Users\Diego\Local Sites\doittrading\app\public\wp-blog-header.php(19): require_once('C:\\Users\\Diego\\...')
#8 C:\Users\Diego\Local Sites\doittrading\app\public\index.php(17): require('C:\\Users\\Diego\\...')
#9 {main}
  thrown in C:\Users\Diego\Local Sites\doittrading\app\public\wp-includes\class-wp-hook.php on line 324

2025-07-18T20:24:52+00:00 CRITICAL Uncaught TypeError: call_user_func_array(): Argument #1 ($callback) must be a valid callback, function "doittrading_show_ea_stats_acf" not found or invalid function name in C:\Users\Diego\Local Sites\doittrading\app\public\wp-includes\class-wp-hook.php:324
Stack trace:
#0 C:\Users\Diego\Local Sites\doittrading\app\public\wp-includes\class-wp-hook.php(348): WP_Hook->apply_filters(NULL, Array)
#1 C:\Users\Diego\Local Sites\doittrading\app\public\wp-includes\plugin.php(517): WP_Hook->do_action(Array)
#2 C:\Users\Diego\Local Sites\doittrading\app\public\wp-content\plugins\woocommerce\templates\content-single-product.php(60): do_action('woocommerce_sin...')
#3 C:\Users\Diego\Local Sites\doittrading\app\public\wp-includes\template.php(812): require('C:\\Users\\Diego\\...')
#4 C:\Users\Diego\Local Sites\doittrading\app\public\wp-content\plugins\woocommerce\includes\wc-core-functions.php(284): load_template('C:\\Users\\Diego\\...', false)
#5 C:\Users\Diego\Local Sites\doittrading\app\public\wp-content\plugins\woocommerce\templates\single-product.php(37): wc_get_template_part('content', 'single-product')
#6 C:\Users\Diego\Local Sites\doittrading\app\public\wp-includes\template-loader.php(106): include('C:\\Users\\Diego\\...')
#7 C:\Users\Diego\Local Sites\doittrading\app\public\wp-blog-header.php(19): require_once('C:\\Users\\Diego\\...')
#8 C:\Users\Diego\Local Sites\doittrading\app\public\index.php(17): require('C:\\Users\\Diego\\...')
#9 {main}
  thrown in C:\Users\Diego\Local Sites\doittrading\app\public\wp-includes\class-wp-hook.php on line 324

