2025-07-21T06:28:16+00:00 CRITICAL Uncaught Error: Failed opening required 'C:\Users\Diego\Local Sites\doittrading\app\public/wp-content/themes/astra-trading-dark/inc/products/core-functions.php' (include_path='.:/usr/share/php:/www/wp-content/pear') in C:\Users\Diego\Local Sites\doittrading\app\public\wp-content\themes\astra-trading-dark\functions.php:62
Stack trace:
#0 C:\Users\Diego\Local Sites\doittrading\app\public\wp-settings.php(695): include()
#1 C:\Users\Diego\Local Sites\doittrading\app\public\wp-config.php(103): require_once('C:\\Users\\Diego\\...')
#2 C:\Users\Diego\Local Sites\doittrading\app\public\wp-load.php(50): require_once('C:\\Users\\Diego\\...')
#3 C:\Users\Diego\Local Sites\doittrading\app\public\wp-blog-header.php(13): require_once('C:\\Users\\Diego\\...')
#4 C:\Users\Diego\Local Sites\doittrading\app\public\index.php(17): require('C:\\Users\\Diego\\...')
#5 {main}
  thrown in C:\Users\Diego\Local Sites\doittrading\app\public\wp-content\themes\astra-trading-dark\functions.php on line 62

2025-07-21T06:28:16+00:00 CRITICAL Uncaught Error: Failed opening required 'C:\Users\Diego\Local Sites\doittrading\app\public/wp-content/themes/astra-trading-dark/inc/products/core-functions.php' (include_path='.:/usr/share/php:/www/wp-content/pear') in C:\Users\Diego\Local Sites\doittrading\app\public\wp-content\themes\astra-trading-dark\functions.php:62
Stack trace:
#0 C:\Users\Diego\Local Sites\doittrading\app\public\wp-settings.php(695): include()
#1 C:\Users\Diego\Local Sites\doittrading\app\public\wp-config.php(103): require_once('C:\\Users\\Diego\\...')
#2 C:\Users\Diego\Local Sites\doittrading\app\public\wp-load.php(50): require_once('C:\\Users\\Diego\\...')
#3 C:\Users\Diego\Local Sites\doittrading\app\public\wp-blog-header.php(13): require_once('C:\\Users\\Diego\\...')
#4 C:\Users\Diego\Local Sites\doittrading\app\public\index.php(17): require('C:\\Users\\Diego\\...')
#5 {main}
  thrown in C:\Users\Diego\Local Sites\doittrading\app\public\wp-content\themes\astra-trading-dark\functions.php on line 62

2025-07-21T12:55:37+00:00 CRITICAL Cannot redeclare doittrading_shop_body_class() (previously declared in C:\Users\Diego\Local Sites\doittrading\app\public\wp-content\themes\astra-trading-dark\functions.php:109) in C:\Users\Diego\Local Sites\doittrading\app\public\wp-content\themes\astra-trading-dark\inc\shop\shop-page.php on line 287

2025-07-21T12:55:37+00:00 CRITICAL Cannot redeclare doittrading_shop_body_class() (previously declared in C:\Users\Diego\Local Sites\doittrading\app\public\wp-content\themes\astra-trading-dark\functions.php:109) in C:\Users\Diego\Local Sites\doittrading\app\public\wp-content\themes\astra-trading-dark\inc\shop\shop-page.php on line 287

2025-07-21T12:56:14+00:00 CRITICAL Uncaught Error: Call to undefined function doittrading_get_shop_stats() in C:\Users\Diego\Local Sites\doittrading\app\public\wp-content\themes\astra-trading-dark\page-shop.php:37
Stack trace:
#0 C:\Users\Diego\Local Sites\doittrading\app\public\wp-includes\template-loader.php(106): include()
#1 C:\Users\Diego\Local Sites\doittrading\app\public\wp-blog-header.php(19): require_once('C:\\Users\\Diego\\...')
#2 C:\Users\Diego\Local Sites\doittrading\app\public\index.php(17): require('C:\\Users\\Diego\\...')
#3 {main}
  thrown in C:\Users\Diego\Local Sites\doittrading\app\public\wp-content\themes\astra-trading-dark\page-shop.php on line 37

2025-07-21T12:56:15+00:00 CRITICAL Uncaught Error: Call to undefined function doittrading_get_shop_stats() in C:\Users\Diego\Local Sites\doittrading\app\public\wp-content\themes\astra-trading-dark\page-shop.php:37
Stack trace:
#0 C:\Users\Diego\Local Sites\doittrading\app\public\wp-includes\template-loader.php(106): include()
#1 C:\Users\Diego\Local Sites\doittrading\app\public\wp-blog-header.php(19): require_once('C:\\Users\\Diego\\...')
#2 C:\Users\Diego\Local Sites\doittrading\app\public\index.php(17): require('C:\\Users\\Diego\\...')
#3 {main}
  thrown in C:\Users\Diego\Local Sites\doittrading\app\public\wp-content\themes\astra-trading-dark\page-shop.php on line 37

2025-07-21T12:56:30+00:00 CRITICAL Cannot redeclare doittrading_shop_body_class() (previously declared in C:\Users\Diego\Local Sites\doittrading\app\public\wp-content\themes\astra-trading-dark\functions.php:109) in C:\Users\Diego\Local Sites\doittrading\app\public\wp-content\themes\astra-trading-dark\inc\shop\shop-page.php on line 287

2025-07-21T12:56:30+00:00 CRITICAL Cannot redeclare doittrading_shop_body_class() (previously declared in C:\Users\Diego\Local Sites\doittrading\app\public\wp-content\themes\astra-trading-dark\functions.php:109) in C:\Users\Diego\Local Sites\doittrading\app\public\wp-content\themes\astra-trading-dark\inc\shop\shop-page.php on line 287

